#-----------------------------------------------------------
# Webtalk v2016.4 (64-bit)
# SW Build 1733598 on Wed Dec 14 22:35:39 MST 2016
# 
# Start of session at: Wed Aug 30 16:10:21 2017
# Process ID: 10768
# Current directory: C:/Users/suhtw/Documents/KU/ESCA/teaching/aaa621_CSD/labs/aaa_soc/class_experiments/class_experiments.sdk/webtalk
# Command line: wbtcv.exe -mode batch -source sdk_webtalk.tcl
# Log file: C:/Users/suhtw/Documents/KU/ESCA/teaching/aaa621_CSD/labs/aaa_soc/class_experiments/class_experiments.sdk/webtalk/webtalk.log
# Journal file: C:/Users/suhtw/Documents/KU/ESCA/teaching/aaa621_CSD/labs/aaa_soc/class_experiments/class_experiments.sdk/webtalk\webtalk.jou
#-----------------------------------------------------------
source sdk_webtalk.tcl
# webtalk_init -webtalk_dir C:\\Users\\suhtw\\Documents\\KU\\ESCA\\teaching\\aaa621_CSD\\labs\\aaa_soc\\class_experiments\\class_experiments.sdk\\webtalk
# webtalk_register_client -client project
# webtalk_add_data -client project -key date_generated -value "2017-08-30 16:10:20" -context "software_version_and_target_device"
# webtalk_add_data -client project -key product_version -value "SDK v2016.4" -context "software_version_and_target_device"
# webtalk_add_data -client project -key build_version -value "2016.4" -context "software_version_and_target_device"
# webtalk_add_data -client project -key os_platform -value "amd64" -context "software_version_and_target_device"
# webtalk_add_data -client project -key registration_id -value "174167174_1777491974_210621776_960" -context "software_version_and_target_device"
# webtalk_add_data -client project -key tool_flow -value "SDK" -context "software_version_and_target_device"
# webtalk_add_data -client project -key beta -value "false" -context "software_version_and_target_device"
# webtalk_add_data -client project -key route_design -value "NA" -context "software_version_and_target_device"
# webtalk_add_data -client project -key target_family -value "NA" -context "software_version_and_target_device"
# webtalk_add_data -client project -key target_device -value "NA" -context "software_version_and_target_device"
# webtalk_add_data -client project -key target_package -value "NA" -context "software_version_and_target_device"
# webtalk_add_data -client project -key target_speed -value "NA" -context "software_version_and_target_device"
# webtalk_add_data -client project -key random_id -value "88jes5n3ljvh6s2horgfbh6ea8" -context "software_version_and_target_device"
# webtalk_add_data -client project -key project_id -value "2016.4_9" -context "software_version_and_target_device"
# webtalk_add_data -client project -key project_iteration -value "9" -context "software_version_and_target_device"
# webtalk_add_data -client project -key os_name -value "Microsoft Windows 7 , 64-bit" -context "user_environment"
# webtalk_add_data -client project -key os_release -value "Service Pack 1  (build 7601)" -context "user_environment"
# webtalk_add_data -client project -key cpu_name -value "Intel(R) Core(TM) i7-6700K CPU @ 4.00GHz" -context "user_environment"
# webtalk_add_data -client project -key cpu_speed -value "4008 MHz" -context "user_environment"
# webtalk_add_data -client project -key total_processors -value "1" -context "user_environment"
# webtalk_add_data -client project -key system_ram -value "34.000 GB" -context "user_environment"
# webtalk_register_client -client sdk
# webtalk_add_data -client sdk -key uid -value "1504076934729" -context "sdk\\\\bsp/1504076934729"
# webtalk_add_data -client sdk -key hwid -value "1504071320889" -context "sdk\\\\bsp/1504076934729"
# webtalk_add_data -client sdk -key os -value "standalone" -context "sdk\\\\bsp/1504076934729"
# webtalk_add_data -client sdk -key apptemplate -value "hello_world" -context "sdk\\\\bsp/1504076934729"
# webtalk_add_data -client sdk -key RecordType -value "BSPCreation" -context "sdk\\\\bsp/1504076934729"
# webtalk_add_data -client sdk -key uid -value "1504076936636" -context "sdk\\\\application/1504076936636"
# webtalk_add_data -client sdk -key hwid -value "1504071320889" -context "sdk\\\\application/1504076936636"
# webtalk_add_data -client sdk -key bspid -value "1504076934729" -context "sdk\\\\application/1504076936636"
# webtalk_add_data -client sdk -key newbsp -value "true" -context "sdk\\\\application/1504076936636"
# webtalk_add_data -client sdk -key os -value "standalone" -context "sdk\\\\application/1504076936636"
# webtalk_add_data -client sdk -key apptemplate -value "hello_world" -context "sdk\\\\application/1504076936636"
# webtalk_add_data -client sdk -key RecordType -value "APPCreation" -context "sdk\\\\application/1504076936636"
# webtalk_add_data -client sdk -key LangUsed -value "C" -context "sdk\\\\application/1504076936636"
# webtalk_add_data -client sdk -key Procused -value "ps7_cortexa9" -context "sdk\\\\application/1504076936636"
# webtalk_add_data -client sdk -key projSize -value "170.859375" -context "sdk\\\\application/1504076936636"
# webtalk_add_data -client sdk -key uid -value "NA" -context "sdk\\\\bsp/1504077020810"
# webtalk_add_data -client sdk -key RecordType -value "ToolUsage" -context "sdk\\\\bsp/1504077020810"
# webtalk_add_data -client sdk -key BootgenCount -value "0" -context "sdk\\\\bsp/1504077020810"
# webtalk_add_data -client sdk -key DebugCount -value "0" -context "sdk\\\\bsp/1504077020810"
# webtalk_add_data -client sdk -key PerfCount -value "0" -context "sdk\\\\bsp/1504077020810"
# webtalk_add_data -client sdk -key FlashCount -value "0" -context "sdk\\\\bsp/1504077020810"
# webtalk_add_data -client sdk -key CrossTriggCount -value "0" -context "sdk\\\\bsp/1504077020810"
# webtalk_add_data -client sdk -key QemuDebugCount -value "0" -context "sdk\\\\bsp/1504077020810"
# webtalk_transmit -clientid 4053374579 -regid "174167174_1777491974_210621776_960" -xml C:\\Users\\suhtw\\Documents\\KU\\ESCA\\teaching\\aaa621_CSD\\labs\\aaa_soc\\class_experiments\\class_experiments.sdk\\webtalk\\usage_statistics_ext_sdk.xml -html C:\\Users\\suhtw\\Documents\\KU\\ESCA\\teaching\\aaa621_CSD\\labs\\aaa_soc\\class_experiments\\class_experiments.sdk\\webtalk\\usage_statistics_ext_sdk.html -wdm C:\\Users\\suhtw\\Documents\\KU\\ESCA\\teaching\\aaa621_CSD\\labs\\aaa_soc\\class_experiments\\class_experiments.sdk\\webtalk\\sdk_webtalk.wdm -intro "<H3>SDK Usage Report</H3><BR>"
INFO: [Common 17-186] 'C:\Users\suhtw\Documents\KU\ESCA\teaching\aaa621_CSD\labs\aaa_soc\class_experiments\class_experiments.sdk\webtalk\usage_statistics_ext_sdk.xml' has been successfully sent to Xilinx on Wed Aug 30 16:10:27 2017. For additional details about this file, please refer to the WebTalk help file at C:/Xilinx/SDK/2016.4/doc/webtalk_introduction.html.
# webtalk_terminate
INFO: [Common 17-206] Exiting Webtalk at Wed Aug 30 16:10:27 2017...
