00:42:55 INFO  : Registering command handlers for SDK TCF services
00:42:56 INFO  : Launching XSCT server: xsct.bat -interactive C:\cose321\Assignment-2\temp_xsdb_launch_script.tcl
00:42:59 INFO  : XSCT server has started successfully.
00:42:59 INFO  : Successfully done setting XSCT server connection channel  
00:42:59 INFO  : Processing command line option -hwspec C:/cose321/Assignment-2.
00:42:59 INFO  : Successfully done setting SDK workspace  
00:43:00 ERROR : Error occurred while creating hardware platform Assignment-2_hw_platform_0 from sysdef
java.io.FileNotFoundException: C:\cose321\Assignment-2 (액세스가 거부되었습니다)
	at java.io.FileInputStream.open0(Native Method)
	at java.io.FileInputStream.open(FileInputStream.java:195)
	at java.io.FileInputStream.<init>(FileInputStream.java:138)
	at java.io.FileInputStream.<init>(FileInputStream.java:93)
	at com.xilinx.sdk.hw.internal.HwProjectCreator.createHwProjectFromZip(HwProjectCreator.java:100)
	at com.xilinx.sdk.hw.HwProjectUtil.internalCreate(HwProjectUtil.java:266)
	at com.xilinx.sdk.hw.HwProjectUtil.makeNewHardwareProject(HwProjectUtil.java:210)
	at com.xilinx.sdk.hw.HwProjectUtil.makeNewHardwareProject(HwProjectUtil.java:197)
	at com.xilinx.sdk.hw.HwProjectUtil.makeNewHardwareProject(HwProjectUtil.java:171)
	at com.xilinx.sdk.startup.InitSDK.processHwSpecArgumentTask(InitSDK.java:564)
	at com.xilinx.sdk.startup.InitSDK.access$9(InitSDK.java:546)
	at com.xilinx.sdk.startup.InitSDK$14.run(InitSDK.java:497)
	at org.eclipse.core.internal.jobs.Worker.run(Worker.java:55)
00:43:00 ERROR : Unable to create Hardware Specification Project with specification file: C:/cose321/Assignment-2
