#-----------------------------------------------------------
# Vivado v2016.4 (64-bit)
# SW Build 1756540 on Mon Jan 23 19:11:23 MST 2017
# IP Build 1755317 on Mon Jan 23 20:30:07 MST 2017
# Start of session at: Sat Apr 07 22:01:31 2018
# Process ID: 3012
# Current directory: C:/cose321/Assignment-4
# Command line: vivado.exe -gui_launcher_event rodinguilauncherevent10272 C:\cose321\Assignment-4\class_experiments.xpr
# Log file: C:/cose321/Assignment-4/vivado.log
# Journal file: C:/cose321/Assignment-4\vivado.jou
#-----------------------------------------------------------
start_gui
open_project C:/cose321/Assignment-4/class_experiments.xpr
INFO: [Project 1-313] Project file moved from 'C:/Users/suhtw/Documents/KU/ESCA/teaching/aaa621_CSD/labs/aaa_soc/class_experiments' since last save.
Scanning sources...
Finished scanning sources
INFO: [IP_Flow 19-234] Refreshing IP repositories
INFO: [IP_Flow 19-1704] No user IP repositories specified
INFO: [IP_Flow 19-2313] Loaded Vivado IP repository 'C:/Xilinx/Vivado/2016.4/data/ip'.
open_project: Time (s): cpu = 00:00:22 ; elapsed = 00:00:29 . Memory (MB): peak = 748.797 ; gain = 144.621
