14:35:15 INFO  : Registering command handlers for SDK TCF services
14:35:15 INFO  : Launching XSCT server: xsct.bat -interactive C:\Users\suhtw\Documents\KU\ESCA\teaching\aaa621_CSD\labs\aaa_soc\class_experiments\class_experiments.sdk\temp_xsdb_launch_script.tcl
14:35:16 INFO  : XSCT server has started successfully.
14:35:17 INFO  : Successfully done setting XSCT server connection channel  
14:35:17 INFO  : Successfully done setting SDK workspace  
14:35:17 INFO  : Processing command line option -hwspec C:/Users/suhtw/Documents/KU/ESCA/teaching/aaa621_CSD/labs/aaa_soc/class_experiments/class_experiments.sdk/soc_wrapper.hdf.
15:02:34 INFO  : 'targets -set -filter {jtag_cable_name =~ "Digilent Zed 210248496042" && level==0} -index 1' command is executed.
15:02:34 INFO  : 'fpga -state' command is executed.
15:02:42 INFO  : Connected to target on host '127.0.0.1' and port '3121'.
15:02:42 INFO  : Jtag cable 'Digilent Zed 210248496042' is selected.
15:02:42 INFO  : 'jtag frequency' command is executed.
15:02:42 INFO  : Sourcing of 'C:/Users/suhtw/Documents/KU/ESCA/teaching/aaa621_CSD/labs/aaa_soc/class_experiments/class_experiments.sdk/soc_wrapper_hw_platform_0/ps7_init.tcl' is done.
15:02:42 INFO  : Context for 'APU' is selected.
15:02:42 INFO  : Hardware design information is loaded from 'C:/Users/suhtw/Documents/KU/ESCA/teaching/aaa621_CSD/labs/aaa_soc/class_experiments/class_experiments.sdk/soc_wrapper_hw_platform_0/system.hdf'.
15:02:42 INFO  : Context for 'APU' is selected.
15:02:42 INFO  : 'stop' command is executed.
15:02:42 INFO  : 'ps7_init' command is executed.
15:02:42 INFO  : 'ps7_post_config' command is executed.
15:02:42 INFO  : Context for processor 'ps7_cortexa9_0' is selected.
15:02:42 INFO  : Processor reset is completed for 'ps7_cortexa9_0'.
15:02:42 INFO  : Context for processor 'ps7_cortexa9_0' is selected.
15:02:42 INFO  : The application 'C:/Users/suhtw/Documents/KU/ESCA/teaching/aaa621_CSD/labs/aaa_soc/class_experiments/class_experiments.sdk/csd_lab/Debug/csd_lab.elf' is downloaded to processor 'ps7_cortexa9_0'.
15:02:42 INFO  : ----------------XSDB Script----------------
connect -url tcp:127.0.0.1:3121
source C:/Users/suhtw/Documents/KU/ESCA/teaching/aaa621_CSD/labs/aaa_soc/class_experiments/class_experiments.sdk/soc_wrapper_hw_platform_0/ps7_init.tcl
targets -set -nocase -filter {name =~"APU*" && jtag_cable_name =~ "Digilent Zed 210248496042"} -index 0
loadhw C:/Users/suhtw/Documents/KU/ESCA/teaching/aaa621_CSD/labs/aaa_soc/class_experiments/class_experiments.sdk/soc_wrapper_hw_platform_0/system.hdf
targets -set -nocase -filter {name =~"APU*" && jtag_cable_name =~ "Digilent Zed 210248496042"} -index 0
stop
ps7_init
ps7_post_config
targets -set -nocase -filter {name =~ "ARM*#0" && jtag_cable_name =~ "Digilent Zed 210248496042"} -index 0
rst -processor
targets -set -nocase -filter {name =~ "ARM*#0" && jtag_cable_name =~ "Digilent Zed 210248496042"} -index 0
dow C:/Users/suhtw/Documents/KU/ESCA/teaching/aaa621_CSD/labs/aaa_soc/class_experiments/class_experiments.sdk/csd_lab/Debug/csd_lab.elf
----------------End of Script----------------

15:02:42 INFO  : Memory regions updated for context APU
15:02:42 INFO  : Context for processor 'ps7_cortexa9_0' is selected.
15:02:42 INFO  : 'con' command is executed.
15:02:42 INFO  : ----------------XSDB Script (After Launch)----------------
targets -set -nocase -filter {name =~ "ARM*#0" && jtag_cable_name =~ "Digilent Zed 210248496042"} -index 0
con
----------------End of Script----------------

15:02:42 INFO  : Launch script is exported to file 'C:\Users\suhtw\Documents\KU\ESCA\teaching\aaa621_CSD\labs\aaa_soc\class_experiments\class_experiments.sdk\.sdk\launch_scripts\xilinx_c-c++_application_(system_debugger)\system_debugger_using_debug_csd_lab.elf_on_local.tcl'
15:02:55 INFO  : Disconnected from the channel tcfchan#1.
15:02:56 INFO  : 'targets -set -filter {jtag_cable_name =~ "Digilent Zed 210248496042" && level==0} -index 1' command is executed.
15:02:56 INFO  : 'fpga -state' command is executed.
15:03:01 INFO  : Memory regions updated for context APU
15:03:33 INFO  : Connected to target on host '127.0.0.1' and port '3121'.
15:03:33 INFO  : Jtag cable 'Digilent Zed 210248496042' is selected.
15:03:33 INFO  : 'jtag frequency' command is executed.
15:03:33 INFO  : Sourcing of 'C:/Users/suhtw/Documents/KU/ESCA/teaching/aaa621_CSD/labs/aaa_soc/class_experiments/class_experiments.sdk/soc_wrapper_hw_platform_0/ps7_init.tcl' is done.
15:03:33 INFO  : Context for 'APU' is selected.
15:03:33 INFO  : System reset is completed.
15:03:36 INFO  : 'after 3000' command is executed.
15:03:36 INFO  : 'targets -set -filter {jtag_cable_name =~ "Digilent Zed 210248496042" && level==0} -index 1' command is executed.
15:03:39 INFO  : FPGA configured successfully with bitstream "C:/Users/suhtw/Documents/KU/ESCA/teaching/aaa621_CSD/labs/aaa_soc/class_experiments/class_experiments.sdk/soc_wrapper_hw_platform_0/soc_wrapper.bit"
15:03:39 INFO  : Context for 'APU' is selected.
15:03:39 INFO  : Hardware design information is loaded from 'C:/Users/suhtw/Documents/KU/ESCA/teaching/aaa621_CSD/labs/aaa_soc/class_experiments/class_experiments.sdk/soc_wrapper_hw_platform_0/system.hdf'.
15:03:39 INFO  : Context for 'APU' is selected.
15:03:39 INFO  : 'ps7_init' command is executed.
15:03:39 INFO  : 'ps7_post_config' command is executed.
15:03:39 INFO  : Context for processor 'ps7_cortexa9_0' is selected.
15:03:39 INFO  : The application 'C:/Users/suhtw/Documents/KU/ESCA/teaching/aaa621_CSD/labs/aaa_soc/class_experiments/class_experiments.sdk/csd_lab/Debug/csd_lab.elf' is downloaded to processor 'ps7_cortexa9_0'.
15:03:39 INFO  : ----------------XSDB Script----------------
connect -url tcp:127.0.0.1:3121
source C:/Users/suhtw/Documents/KU/ESCA/teaching/aaa621_CSD/labs/aaa_soc/class_experiments/class_experiments.sdk/soc_wrapper_hw_platform_0/ps7_init.tcl
targets -set -nocase -filter {name =~"APU*" && jtag_cable_name =~ "Digilent Zed 210248496042"} -index 0
rst -system
after 3000
targets -set -filter {jtag_cable_name =~ "Digilent Zed 210248496042" && level==0} -index 1
fpga -file C:/Users/suhtw/Documents/KU/ESCA/teaching/aaa621_CSD/labs/aaa_soc/class_experiments/class_experiments.sdk/soc_wrapper_hw_platform_0/soc_wrapper.bit
targets -set -nocase -filter {name =~"APU*" && jtag_cable_name =~ "Digilent Zed 210248496042"} -index 0
loadhw C:/Users/suhtw/Documents/KU/ESCA/teaching/aaa621_CSD/labs/aaa_soc/class_experiments/class_experiments.sdk/soc_wrapper_hw_platform_0/system.hdf
targets -set -nocase -filter {name =~"APU*" && jtag_cable_name =~ "Digilent Zed 210248496042"} -index 0
ps7_init
ps7_post_config
targets -set -nocase -filter {name =~ "ARM*#0" && jtag_cable_name =~ "Digilent Zed 210248496042"} -index 0
dow C:/Users/suhtw/Documents/KU/ESCA/teaching/aaa621_CSD/labs/aaa_soc/class_experiments/class_experiments.sdk/csd_lab/Debug/csd_lab.elf
----------------End of Script----------------

15:03:39 INFO  : Memory regions updated for context APU
15:03:39 INFO  : Context for processor 'ps7_cortexa9_0' is selected.
15:03:39 INFO  : 'con' command is executed.
15:03:39 INFO  : ----------------XSDB Script (After Launch)----------------
targets -set -nocase -filter {name =~ "ARM*#0" && jtag_cable_name =~ "Digilent Zed 210248496042"} -index 0
con
----------------End of Script----------------

15:03:39 INFO  : Launch script is exported to file 'C:\Users\suhtw\Documents\KU\ESCA\teaching\aaa621_CSD\labs\aaa_soc\class_experiments\class_experiments.sdk\.sdk\launch_scripts\xilinx_c-c++_application_(system_debugger)\system_debugger_using_debug_csd_lab.elf_on_local.tcl'
15:16:50 INFO  : Disconnected from the channel tcfchan#2.
15:16:51 INFO  : Connected to target on host '127.0.0.1' and port '3121'.
15:16:51 INFO  : Jtag cable 'Digilent Zed 210248496042' is selected.
15:16:51 INFO  : 'jtag frequency' command is executed.
15:16:51 INFO  : Sourcing of 'C:/Users/suhtw/Documents/KU/ESCA/teaching/aaa621_CSD/labs/aaa_soc/class_experiments/class_experiments.sdk/soc_wrapper_hw_platform_0/ps7_init.tcl' is done.
15:16:51 INFO  : Context for 'APU' is selected.
15:16:51 INFO  : System reset is completed.
15:16:54 INFO  : 'after 3000' command is executed.
15:16:55 INFO  : 'targets -set -filter {jtag_cable_name =~ "Digilent Zed 210248496042" && level==0} -index 1' command is executed.
15:16:57 INFO  : FPGA configured successfully with bitstream "C:/Users/suhtw/Documents/KU/ESCA/teaching/aaa621_CSD/labs/aaa_soc/class_experiments/class_experiments.sdk/soc_wrapper_hw_platform_0/soc_wrapper.bit"
15:16:57 INFO  : Context for 'APU' is selected.
15:17:00 INFO  : Hardware design information is loaded from 'C:/Users/suhtw/Documents/KU/ESCA/teaching/aaa621_CSD/labs/aaa_soc/class_experiments/class_experiments.sdk/soc_wrapper_hw_platform_0/system.hdf'.
15:17:00 INFO  : Context for 'APU' is selected.
15:17:00 INFO  : 'ps7_init' command is executed.
15:17:00 INFO  : 'ps7_post_config' command is executed.
15:17:00 INFO  : Context for processor 'ps7_cortexa9_0' is selected.
15:17:01 INFO  : The application 'C:/Users/suhtw/Documents/KU/ESCA/teaching/aaa621_CSD/labs/aaa_soc/class_experiments/class_experiments.sdk/csd_lab/Debug/csd_lab.elf' is downloaded to processor 'ps7_cortexa9_0'.
15:17:01 INFO  : ----------------XSDB Script----------------
connect -url tcp:127.0.0.1:3121
source C:/Users/suhtw/Documents/KU/ESCA/teaching/aaa621_CSD/labs/aaa_soc/class_experiments/class_experiments.sdk/soc_wrapper_hw_platform_0/ps7_init.tcl
targets -set -nocase -filter {name =~"APU*" && jtag_cable_name =~ "Digilent Zed 210248496042"} -index 0
rst -system
after 3000
targets -set -filter {jtag_cable_name =~ "Digilent Zed 210248496042" && level==0} -index 1
fpga -file C:/Users/suhtw/Documents/KU/ESCA/teaching/aaa621_CSD/labs/aaa_soc/class_experiments/class_experiments.sdk/soc_wrapper_hw_platform_0/soc_wrapper.bit
targets -set -nocase -filter {name =~"APU*" && jtag_cable_name =~ "Digilent Zed 210248496042"} -index 0
loadhw C:/Users/suhtw/Documents/KU/ESCA/teaching/aaa621_CSD/labs/aaa_soc/class_experiments/class_experiments.sdk/soc_wrapper_hw_platform_0/system.hdf
targets -set -nocase -filter {name =~"APU*" && jtag_cable_name =~ "Digilent Zed 210248496042"} -index 0
ps7_init
ps7_post_config
targets -set -nocase -filter {name =~ "ARM*#0" && jtag_cable_name =~ "Digilent Zed 210248496042"} -index 0
dow C:/Users/suhtw/Documents/KU/ESCA/teaching/aaa621_CSD/labs/aaa_soc/class_experiments/class_experiments.sdk/csd_lab/Debug/csd_lab.elf
----------------End of Script----------------

15:17:01 INFO  : Memory regions updated for context APU
15:17:01 INFO  : Context for processor 'ps7_cortexa9_0' is selected.
15:17:01 INFO  : 'con' command is executed.
15:17:01 INFO  : ----------------XSDB Script (After Launch)----------------
targets -set -nocase -filter {name =~ "ARM*#0" && jtag_cable_name =~ "Digilent Zed 210248496042"} -index 0
con
----------------End of Script----------------

15:17:01 INFO  : Launch script is exported to file 'C:\Users\suhtw\Documents\KU\ESCA\teaching\aaa621_CSD\labs\aaa_soc\class_experiments\class_experiments.sdk\.sdk\launch_scripts\xilinx_c-c++_application_(system_debugger)\system_debugger_using_debug_csd_lab.elf_on_local.tcl'
15:23:29 INFO  : Connected to target on host '127.0.0.1' and port '3121'.
15:23:29 INFO  : Jtag cable 'Digilent Zed 210248496042' is selected.
15:23:29 INFO  : 'jtag frequency' command is executed.
15:23:29 INFO  : Sourcing of 'C:/Users/suhtw/Documents/KU/ESCA/teaching/aaa621_CSD/labs/aaa_soc/class_experiments/class_experiments.sdk/soc_wrapper_hw_platform_0/ps7_init.tcl' is done.
15:23:29 INFO  : Context for 'APU' is selected.
15:23:29 INFO  : System reset is completed.
15:23:32 INFO  : 'after 3000' command is executed.
15:23:32 INFO  : 'targets -set -filter {jtag_cable_name =~ "Digilent Zed 210248496042" && level==0} -index 1' command is executed.
15:23:34 INFO  : FPGA configured successfully with bitstream "C:/Users/suhtw/Documents/KU/ESCA/teaching/aaa621_CSD/labs/aaa_soc/class_experiments/class_experiments.sdk/soc_wrapper_hw_platform_0/soc_wrapper.bit"
15:23:34 INFO  : Context for 'APU' is selected.
15:23:34 INFO  : Hardware design information is loaded from 'C:/Users/suhtw/Documents/KU/ESCA/teaching/aaa621_CSD/labs/aaa_soc/class_experiments/class_experiments.sdk/soc_wrapper_hw_platform_0/system.hdf'.
15:23:34 INFO  : Context for 'APU' is selected.
15:23:35 INFO  : 'ps7_init' command is executed.
15:23:35 INFO  : 'ps7_post_config' command is executed.
15:23:35 INFO  : Context for processor 'ps7_cortexa9_0' is selected.
15:23:35 INFO  : The application 'C:/Users/suhtw/Documents/KU/ESCA/teaching/aaa621_CSD/labs/aaa_soc/class_experiments/class_experiments.sdk/csd_lab/Debug/csd_lab.elf' is downloaded to processor 'ps7_cortexa9_0'.
15:23:35 INFO  : ----------------XSDB Script----------------
connect -url tcp:127.0.0.1:3121
source C:/Users/suhtw/Documents/KU/ESCA/teaching/aaa621_CSD/labs/aaa_soc/class_experiments/class_experiments.sdk/soc_wrapper_hw_platform_0/ps7_init.tcl
targets -set -nocase -filter {name =~"APU*" && jtag_cable_name =~ "Digilent Zed 210248496042"} -index 0
rst -system
after 3000
targets -set -filter {jtag_cable_name =~ "Digilent Zed 210248496042" && level==0} -index 1
fpga -file C:/Users/suhtw/Documents/KU/ESCA/teaching/aaa621_CSD/labs/aaa_soc/class_experiments/class_experiments.sdk/soc_wrapper_hw_platform_0/soc_wrapper.bit
targets -set -nocase -filter {name =~"APU*" && jtag_cable_name =~ "Digilent Zed 210248496042"} -index 0
loadhw C:/Users/suhtw/Documents/KU/ESCA/teaching/aaa621_CSD/labs/aaa_soc/class_experiments/class_experiments.sdk/soc_wrapper_hw_platform_0/system.hdf
targets -set -nocase -filter {name =~"APU*" && jtag_cable_name =~ "Digilent Zed 210248496042"} -index 0
ps7_init
ps7_post_config
targets -set -nocase -filter {name =~ "ARM*#0" && jtag_cable_name =~ "Digilent Zed 210248496042"} -index 0
dow C:/Users/suhtw/Documents/KU/ESCA/teaching/aaa621_CSD/labs/aaa_soc/class_experiments/class_experiments.sdk/csd_lab/Debug/csd_lab.elf
----------------End of Script----------------

15:23:35 INFO  : Memory regions updated for context APU
15:23:35 INFO  : Context for processor 'ps7_cortexa9_0' is selected.
15:23:35 INFO  : 'con' command is executed.
15:23:35 INFO  : ----------------XSDB Script (After Launch)----------------
targets -set -nocase -filter {name =~ "ARM*#0" && jtag_cable_name =~ "Digilent Zed 210248496042"} -index 0
con
----------------End of Script----------------

15:23:35 INFO  : Launch script is exported to file 'C:\Users\suhtw\Documents\KU\ESCA\teaching\aaa621_CSD\labs\aaa_soc\class_experiments\class_experiments.sdk\.sdk\launch_scripts\xilinx_c-c++_application_(system_debugger)\system_debugger_using_debug_csd_lab.elf_on_local.tcl'
15:29:09 INFO  : Disconnected from the channel tcfchan#3.
15:32:11 WARN  : channel "tcfchan#3" closed
15:32:12 INFO  : Connected to target on host '127.0.0.1' and port '3121'.
15:32:13 INFO  : Jtag cable 'Digilent Zed 210248496042' is selected.
15:32:13 INFO  : 'jtag frequency' command is executed.
15:32:13 INFO  : Sourcing of 'C:/Users/suhtw/Documents/KU/ESCA/teaching/aaa621_CSD/labs/aaa_soc/class_experiments/class_experiments.sdk/soc_wrapper_hw_platform_0/ps7_init.tcl' is done.
15:32:13 INFO  : Context for 'APU' is selected.
15:32:13 INFO  : System reset is completed.
15:32:16 INFO  : 'after 3000' command is executed.
15:32:16 INFO  : 'targets -set -filter {jtag_cable_name =~ "Digilent Zed 210248496042" && level==0} -index 1' command is executed.
15:32:18 INFO  : FPGA configured successfully with bitstream "C:/Users/suhtw/Documents/KU/ESCA/teaching/aaa621_CSD/labs/aaa_soc/class_experiments/class_experiments.sdk/soc_wrapper_hw_platform_0/soc_wrapper.bit"
15:32:18 INFO  : Context for 'APU' is selected.
15:32:18 INFO  : Hardware design information is loaded from 'C:/Users/suhtw/Documents/KU/ESCA/teaching/aaa621_CSD/labs/aaa_soc/class_experiments/class_experiments.sdk/soc_wrapper_hw_platform_0/system.hdf'.
15:32:18 INFO  : Context for 'APU' is selected.
15:32:19 INFO  : 'ps7_init' command is executed.
15:32:19 INFO  : 'ps7_post_config' command is executed.
15:32:19 INFO  : Context for processor 'ps7_cortexa9_0' is selected.
15:32:19 INFO  : The application 'C:/Users/suhtw/Documents/KU/ESCA/teaching/aaa621_CSD/labs/aaa_soc/class_experiments/class_experiments.sdk/csd_lab/Debug/csd_lab.elf' is downloaded to processor 'ps7_cortexa9_0'.
15:32:19 INFO  : ----------------XSDB Script----------------
connect -url tcp:127.0.0.1:3121
source C:/Users/suhtw/Documents/KU/ESCA/teaching/aaa621_CSD/labs/aaa_soc/class_experiments/class_experiments.sdk/soc_wrapper_hw_platform_0/ps7_init.tcl
targets -set -nocase -filter {name =~"APU*" && jtag_cable_name =~ "Digilent Zed 210248496042"} -index 0
rst -system
after 3000
targets -set -filter {jtag_cable_name =~ "Digilent Zed 210248496042" && level==0} -index 1
fpga -file C:/Users/suhtw/Documents/KU/ESCA/teaching/aaa621_CSD/labs/aaa_soc/class_experiments/class_experiments.sdk/soc_wrapper_hw_platform_0/soc_wrapper.bit
targets -set -nocase -filter {name =~"APU*" && jtag_cable_name =~ "Digilent Zed 210248496042"} -index 0
loadhw C:/Users/suhtw/Documents/KU/ESCA/teaching/aaa621_CSD/labs/aaa_soc/class_experiments/class_experiments.sdk/soc_wrapper_hw_platform_0/system.hdf
targets -set -nocase -filter {name =~"APU*" && jtag_cable_name =~ "Digilent Zed 210248496042"} -index 0
ps7_init
ps7_post_config
targets -set -nocase -filter {name =~ "ARM*#0" && jtag_cable_name =~ "Digilent Zed 210248496042"} -index 0
dow C:/Users/suhtw/Documents/KU/ESCA/teaching/aaa621_CSD/labs/aaa_soc/class_experiments/class_experiments.sdk/csd_lab/Debug/csd_lab.elf
----------------End of Script----------------

15:32:19 INFO  : Memory regions updated for context APU
15:32:19 INFO  : Context for processor 'ps7_cortexa9_0' is selected.
15:32:19 INFO  : 'con' command is executed.
15:32:19 INFO  : ----------------XSDB Script (After Launch)----------------
targets -set -nocase -filter {name =~ "ARM*#0" && jtag_cable_name =~ "Digilent Zed 210248496042"} -index 0
con
----------------End of Script----------------

15:32:19 INFO  : Launch script is exported to file 'C:\Users\suhtw\Documents\KU\ESCA\teaching\aaa621_CSD\labs\aaa_soc\class_experiments\class_experiments.sdk\.sdk\launch_scripts\xilinx_c-c++_application_(system_debugger)\system_debugger_using_debug_csd_lab.elf_on_local.tcl'
15:36:30 INFO  : Disconnected from the channel tcfchan#4.
15:36:31 INFO  : Connected to target on host '127.0.0.1' and port '3121'.
15:36:32 INFO  : Jtag cable 'Digilent Zed 210248496042' is selected.
15:36:32 INFO  : 'jtag frequency' command is executed.
15:36:32 INFO  : Sourcing of 'C:/Users/suhtw/Documents/KU/ESCA/teaching/aaa621_CSD/labs/aaa_soc/class_experiments/class_experiments.sdk/soc_wrapper_hw_platform_0/ps7_init.tcl' is done.
15:36:32 INFO  : Context for 'APU' is selected.
15:36:32 INFO  : System reset is completed.
15:36:35 INFO  : 'after 3000' command is executed.
15:36:35 INFO  : 'targets -set -filter {jtag_cable_name =~ "Digilent Zed 210248496042" && level==0} -index 1' command is executed.
15:36:37 INFO  : FPGA configured successfully with bitstream "C:/Users/suhtw/Documents/KU/ESCA/teaching/aaa621_CSD/labs/aaa_soc/class_experiments/class_experiments.sdk/soc_wrapper_hw_platform_0/soc_wrapper.bit"
15:36:37 INFO  : Context for 'APU' is selected.
15:36:40 INFO  : Hardware design information is loaded from 'C:/Users/suhtw/Documents/KU/ESCA/teaching/aaa621_CSD/labs/aaa_soc/class_experiments/class_experiments.sdk/soc_wrapper_hw_platform_0/system.hdf'.
15:36:40 INFO  : Context for 'APU' is selected.
15:36:41 INFO  : 'ps7_init' command is executed.
15:36:41 INFO  : 'ps7_post_config' command is executed.
15:36:41 INFO  : Context for processor 'ps7_cortexa9_0' is selected.
15:36:41 INFO  : The application 'C:/Users/suhtw/Documents/KU/ESCA/teaching/aaa621_CSD/labs/aaa_soc/class_experiments/class_experiments.sdk/csd_lab/Debug/csd_lab.elf' is downloaded to processor 'ps7_cortexa9_0'.
15:36:41 INFO  : ----------------XSDB Script----------------
connect -url tcp:127.0.0.1:3121
source C:/Users/suhtw/Documents/KU/ESCA/teaching/aaa621_CSD/labs/aaa_soc/class_experiments/class_experiments.sdk/soc_wrapper_hw_platform_0/ps7_init.tcl
targets -set -nocase -filter {name =~"APU*" && jtag_cable_name =~ "Digilent Zed 210248496042"} -index 0
rst -system
after 3000
targets -set -filter {jtag_cable_name =~ "Digilent Zed 210248496042" && level==0} -index 1
fpga -file C:/Users/suhtw/Documents/KU/ESCA/teaching/aaa621_CSD/labs/aaa_soc/class_experiments/class_experiments.sdk/soc_wrapper_hw_platform_0/soc_wrapper.bit
targets -set -nocase -filter {name =~"APU*" && jtag_cable_name =~ "Digilent Zed 210248496042"} -index 0
loadhw C:/Users/suhtw/Documents/KU/ESCA/teaching/aaa621_CSD/labs/aaa_soc/class_experiments/class_experiments.sdk/soc_wrapper_hw_platform_0/system.hdf
targets -set -nocase -filter {name =~"APU*" && jtag_cable_name =~ "Digilent Zed 210248496042"} -index 0
ps7_init
ps7_post_config
targets -set -nocase -filter {name =~ "ARM*#0" && jtag_cable_name =~ "Digilent Zed 210248496042"} -index 0
dow C:/Users/suhtw/Documents/KU/ESCA/teaching/aaa621_CSD/labs/aaa_soc/class_experiments/class_experiments.sdk/csd_lab/Debug/csd_lab.elf
----------------End of Script----------------

15:36:41 INFO  : Memory regions updated for context APU
15:36:41 INFO  : Context for processor 'ps7_cortexa9_0' is selected.
15:36:41 INFO  : 'con' command is executed.
15:36:41 INFO  : ----------------XSDB Script (After Launch)----------------
targets -set -nocase -filter {name =~ "ARM*#0" && jtag_cable_name =~ "Digilent Zed 210248496042"} -index 0
con
----------------End of Script----------------

15:36:41 INFO  : Launch script is exported to file 'C:\Users\suhtw\Documents\KU\ESCA\teaching\aaa621_CSD\labs\aaa_soc\class_experiments\class_experiments.sdk\.sdk\launch_scripts\xilinx_c-c++_application_(system_debugger)\system_debugger_using_debug_csd_lab.elf_on_local.tcl'
15:47:54 INFO  : Disconnected from the channel tcfchan#5.
16:07:23 INFO  : Registering command handlers for SDK TCF services
16:07:24 INFO  : Launching XSCT server: xsct.bat -interactive C:\Users\suhtw\Documents\KU\ESCA\teaching\aaa621_CSD\labs\aaa_soc\class_experiments\class_experiments.sdk\temp_xsdb_launch_script.tcl
16:07:26 INFO  : XSCT server has started successfully.
16:07:26 INFO  : Successfully done setting XSCT server connection channel  
16:07:26 INFO  : Successfully done setting SDK workspace  
16:07:26 INFO  : Processing command line option -hwspec C:/Users/suhtw/Documents/KU/ESCA/teaching/aaa621_CSD/labs/aaa_soc/class_experiments/class_experiments.sdk/soc_wrapper.hdf.
16:07:26 INFO  : Checking for hwspec changes in the project soc_wrapper_hw_platform_0.
21:31:25 INFO  : Registering command handlers for SDK TCF services
21:31:26 INFO  : Launching XSCT server: xsct.bat -interactive C:\cose321\class_experiments\class_experiments.sdk\temp_xsdb_launch_script.tcl
21:31:31 INFO  : XSCT server has started successfully.
21:31:32 INFO  : Processing command line option -hwspec C:/cose321/class_experiments/class_experiments.sdk/soc_wrapper.hdf.
21:31:32 INFO  : Successfully done setting XSCT server connection channel  
21:31:33 INFO  : Successfully done setting SDK workspace  
21:55:02 INFO  : Registering command handlers for SDK TCF services
21:55:02 INFO  : Launching XSCT server: xsct.bat -interactive C:\cose321\class_experiments\class_experiments.sdk\temp_xsdb_launch_script.tcl
21:55:06 INFO  : XSCT server has started successfully.
21:55:10 INFO  : Successfully done setting XSCT server connection channel  
21:55:10 INFO  : Processing command line option -hwspec C:/cose321/class_experiments/class_experiments.sdk/soc_wrapper.hdf.
21:55:10 INFO  : Successfully done setting SDK workspace  
21:55:10 INFO  : Checking for hwspec changes in the project soc_wrapper_hw_platform_1.
21:55:54 INFO  : Connected to target on host '127.0.0.1' and port '3121'.
21:55:55 INFO  : Jtag cable 'Digilent Zed 210248A39B69' is selected.
21:55:55 INFO  : 'jtag frequency' command is executed.
21:55:55 INFO  : Sourcing of 'C:/cose321/class_experiments/class_experiments.sdk/soc_wrapper_hw_platform_0/ps7_init.tcl' is done.
21:55:55 INFO  : Context for 'APU' is selected.
21:55:55 INFO  : System reset is completed.
21:55:58 INFO  : 'after 3000' command is executed.
21:55:58 INFO  : 'targets -set -filter {jtag_cable_name =~ "Digilent Zed 210248A39B69" && level==0} -index 1' command is executed.
21:56:01 INFO  : FPGA configured successfully with bitstream "C:/cose321/class_experiments/class_experiments.sdk/soc_wrapper_hw_platform_0/soc_wrapper.bit"
21:56:01 INFO  : Context for 'APU' is selected.
21:56:01 INFO  : Hardware design information is loaded from 'C:/cose321/class_experiments/class_experiments.sdk/soc_wrapper_hw_platform_0/system.hdf'.
21:56:01 INFO  : Context for 'APU' is selected.
21:56:01 INFO  : 'ps7_init' command is executed.
21:56:01 INFO  : 'ps7_post_config' command is executed.
21:56:01 INFO  : Context for processor 'ps7_cortexa9_0' is selected.
21:56:01 INFO  : The application 'C:/cose321/class_experiments/class_experiments.sdk/csd_lab/Debug/csd_lab.elf' is downloaded to processor 'ps7_cortexa9_0'.
21:56:01 INFO  : ----------------XSDB Script----------------
connect -url tcp:127.0.0.1:3121
source C:/cose321/class_experiments/class_experiments.sdk/soc_wrapper_hw_platform_0/ps7_init.tcl
targets -set -nocase -filter {name =~"APU*" && jtag_cable_name =~ "Digilent Zed 210248A39B69"} -index 0
rst -system
after 3000
targets -set -filter {jtag_cable_name =~ "Digilent Zed 210248A39B69" && level==0} -index 1
fpga -file C:/cose321/class_experiments/class_experiments.sdk/soc_wrapper_hw_platform_0/soc_wrapper.bit
targets -set -nocase -filter {name =~"APU*" && jtag_cable_name =~ "Digilent Zed 210248A39B69"} -index 0
loadhw C:/cose321/class_experiments/class_experiments.sdk/soc_wrapper_hw_platform_0/system.hdf
targets -set -nocase -filter {name =~"APU*" && jtag_cable_name =~ "Digilent Zed 210248A39B69"} -index 0
ps7_init
ps7_post_config
targets -set -nocase -filter {name =~ "ARM*#0" && jtag_cable_name =~ "Digilent Zed 210248A39B69"} -index 0
dow C:/cose321/class_experiments/class_experiments.sdk/csd_lab/Debug/csd_lab.elf
----------------End of Script----------------

21:56:02 INFO  : Memory regions updated for context APU
21:56:02 INFO  : Context for processor 'ps7_cortexa9_0' is selected.
21:56:02 INFO  : 'con' command is executed.
21:56:02 INFO  : ----------------XSDB Script (After Launch)----------------
targets -set -nocase -filter {name =~ "ARM*#0" && jtag_cable_name =~ "Digilent Zed 210248A39B69"} -index 0
con
----------------End of Script----------------

21:56:02 INFO  : Launch script is exported to file 'C:\cose321\class_experiments\class_experiments.sdk\.sdk\launch_scripts\xilinx_c-c++_application_(system_debugger)\system_debugger_using_debug_csd_lab.elf_on_local.tcl'
21:57:14 INFO  : Disconnected from the channel tcfchan#1.
23:04:15 INFO  : Registering command handlers for SDK TCF services
23:04:15 INFO  : Launching XSCT server: xsct.bat -interactive C:\cose321\class_experiments\class_experiments.sdk\temp_xsdb_launch_script.tcl
23:04:18 INFO  : XSCT server has started successfully.
23:04:18 INFO  : Successfully done setting XSCT server connection channel  
23:04:18 INFO  : Successfully done setting SDK workspace  
23:04:18 INFO  : Processing command line option -hwspec C:/cose321/class_experiments/class_experiments.sdk/soc_wrapper.hdf.
23:04:18 INFO  : Checking for hwspec changes in the project soc_wrapper_hw_platform_1.
23:04:41 INFO  : Connected to target on host '127.0.0.1' and port '3121'.
23:04:42 INFO  : Jtag cable 'Digilent Zed 210248A39B69' is selected.
23:04:42 INFO  : 'jtag frequency' command is executed.
23:04:42 INFO  : Sourcing of 'C:/cose321/class_experiments/class_experiments.sdk/soc_wrapper_hw_platform_0/ps7_init.tcl' is done.
23:04:42 INFO  : Context for 'APU' is selected.
23:04:42 INFO  : System reset is completed.
23:04:45 INFO  : 'after 3000' command is executed.
23:04:45 INFO  : 'targets -set -filter {jtag_cable_name =~ "Digilent Zed 210248A39B69" && level==0} -index 1' command is executed.
23:04:49 INFO  : FPGA configured successfully with bitstream "C:/cose321/class_experiments/class_experiments.sdk/soc_wrapper_hw_platform_0/soc_wrapper.bit"
23:04:49 INFO  : Context for 'APU' is selected.
23:04:49 INFO  : Hardware design information is loaded from 'C:/cose321/class_experiments/class_experiments.sdk/soc_wrapper_hw_platform_0/system.hdf'.
23:04:49 INFO  : Context for 'APU' is selected.
23:04:50 INFO  : 'ps7_init' command is executed.
23:04:50 INFO  : 'ps7_post_config' command is executed.
23:04:50 INFO  : Context for processor 'ps7_cortexa9_0' is selected.
23:04:50 INFO  : The application 'C:/cose321/class_experiments/class_experiments.sdk/csd_lab/Debug/csd_lab.elf' is downloaded to processor 'ps7_cortexa9_0'.
23:04:50 INFO  : ----------------XSDB Script----------------
connect -url tcp:127.0.0.1:3121
source C:/cose321/class_experiments/class_experiments.sdk/soc_wrapper_hw_platform_0/ps7_init.tcl
targets -set -nocase -filter {name =~"APU*" && jtag_cable_name =~ "Digilent Zed 210248A39B69"} -index 0
rst -system
after 3000
targets -set -filter {jtag_cable_name =~ "Digilent Zed 210248A39B69" && level==0} -index 1
fpga -file C:/cose321/class_experiments/class_experiments.sdk/soc_wrapper_hw_platform_0/soc_wrapper.bit
targets -set -nocase -filter {name =~"APU*" && jtag_cable_name =~ "Digilent Zed 210248A39B69"} -index 0
loadhw C:/cose321/class_experiments/class_experiments.sdk/soc_wrapper_hw_platform_0/system.hdf
targets -set -nocase -filter {name =~"APU*" && jtag_cable_name =~ "Digilent Zed 210248A39B69"} -index 0
ps7_init
ps7_post_config
targets -set -nocase -filter {name =~ "ARM*#0" && jtag_cable_name =~ "Digilent Zed 210248A39B69"} -index 0
dow C:/cose321/class_experiments/class_experiments.sdk/csd_lab/Debug/csd_lab.elf
----------------End of Script----------------

23:04:50 INFO  : Memory regions updated for context APU
23:04:51 INFO  : Context for processor 'ps7_cortexa9_0' is selected.
23:04:51 INFO  : 'con' command is executed.
23:04:51 INFO  : ----------------XSDB Script (After Launch)----------------
targets -set -nocase -filter {name =~ "ARM*#0" && jtag_cable_name =~ "Digilent Zed 210248A39B69"} -index 0
con
----------------End of Script----------------

23:04:51 INFO  : Launch script is exported to file 'C:\cose321\class_experiments\class_experiments.sdk\.sdk\launch_scripts\xilinx_c-c++_application_(system_debugger)\system_debugger_using_debug_csd_lab.elf_on_local.tcl'
23:06:09 INFO  : Disconnected from the channel tcfchan#1.
23:10:45 INFO  : Registering command handlers for SDK TCF services
23:10:46 INFO  : Launching XSCT server: xsct.bat -interactive C:\cose321\class_experiments\class_experiments.sdk\temp_xsdb_launch_script.tcl
23:10:48 INFO  : XSCT server has started successfully.
23:10:49 INFO  : Successfully done setting XSCT server connection channel  
23:10:49 INFO  : Processing command line option -hwspec C:/cose321/class_experiments/class_experiments.sdk/soc_wrapper.hdf.
23:10:49 INFO  : Successfully done setting SDK workspace  
23:10:49 INFO  : Checking for hwspec changes in the project soc_wrapper_hw_platform_1.
23:11:12 INFO  : Connected to target on host '127.0.0.1' and port '3121'.
23:11:16 INFO  : Jtag cable 'Digilent Zed 210248A39B69' is selected.
23:11:16 INFO  : 'jtag frequency' command is executed.
23:11:16 INFO  : Sourcing of 'C:/cose321/class_experiments/class_experiments.sdk/soc_wrapper_hw_platform_0/ps7_init.tcl' is done.
23:11:16 INFO  : Context for 'APU' is selected.
23:11:16 INFO  : System reset is completed.
23:11:19 INFO  : 'after 3000' command is executed.
23:11:19 INFO  : 'targets -set -filter {jtag_cable_name =~ "Digilent Zed 210248A39B69" && level==0} -index 1' command is executed.
23:11:23 INFO  : FPGA configured successfully with bitstream "C:/cose321/class_experiments/class_experiments.sdk/soc_wrapper_hw_platform_0/soc_wrapper.bit"
23:11:23 INFO  : Context for 'APU' is selected.
23:11:23 INFO  : Hardware design information is loaded from 'C:/cose321/class_experiments/class_experiments.sdk/soc_wrapper_hw_platform_0/system.hdf'.
23:11:23 INFO  : Context for 'APU' is selected.
23:11:24 INFO  : 'ps7_init' command is executed.
23:11:24 INFO  : 'ps7_post_config' command is executed.
23:11:24 INFO  : Context for processor 'ps7_cortexa9_0' is selected.
23:11:25 INFO  : The application 'C:/cose321/class_experiments/class_experiments.sdk/csd_lab/Debug/csd_lab.elf' is downloaded to processor 'ps7_cortexa9_0'.
23:11:25 INFO  : ----------------XSDB Script----------------
connect -url tcp:127.0.0.1:3121
source C:/cose321/class_experiments/class_experiments.sdk/soc_wrapper_hw_platform_0/ps7_init.tcl
targets -set -nocase -filter {name =~"APU*" && jtag_cable_name =~ "Digilent Zed 210248A39B69"} -index 0
rst -system
after 3000
targets -set -filter {jtag_cable_name =~ "Digilent Zed 210248A39B69" && level==0} -index 1
fpga -file C:/cose321/class_experiments/class_experiments.sdk/soc_wrapper_hw_platform_0/soc_wrapper.bit
targets -set -nocase -filter {name =~"APU*" && jtag_cable_name =~ "Digilent Zed 210248A39B69"} -index 0
loadhw C:/cose321/class_experiments/class_experiments.sdk/soc_wrapper_hw_platform_0/system.hdf
targets -set -nocase -filter {name =~"APU*" && jtag_cable_name =~ "Digilent Zed 210248A39B69"} -index 0
ps7_init
ps7_post_config
targets -set -nocase -filter {name =~ "ARM*#0" && jtag_cable_name =~ "Digilent Zed 210248A39B69"} -index 0
dow C:/cose321/class_experiments/class_experiments.sdk/csd_lab/Debug/csd_lab.elf
----------------End of Script----------------

23:11:25 INFO  : Memory regions updated for context APU
23:11:25 INFO  : Context for processor 'ps7_cortexa9_0' is selected.
23:11:25 INFO  : 'con' command is executed.
23:11:25 INFO  : ----------------XSDB Script (After Launch)----------------
targets -set -nocase -filter {name =~ "ARM*#0" && jtag_cable_name =~ "Digilent Zed 210248A39B69"} -index 0
con
----------------End of Script----------------

23:11:25 INFO  : Launch script is exported to file 'C:\cose321\class_experiments\class_experiments.sdk\.sdk\launch_scripts\xilinx_c-c++_application_(system_debugger)\system_debugger_using_debug_csd_lab.elf_on_local.tcl'
23:13:35 INFO  : Disconnected from the channel tcfchan#1.
17:34:10 INFO  : Registering command handlers for SDK TCF services
17:34:10 INFO  : Launching XSCT server: xsct.bat -interactive C:\cose321\class_experiments\class_experiments.sdk\temp_xsdb_launch_script.tcl
17:34:15 INFO  : XSCT server has started successfully.
17:34:15 INFO  : Successfully done setting XSCT server connection channel  
17:34:20 INFO  : Successfully done setting SDK workspace  
17:34:20 INFO  : Processing command line option -hwspec C:/cose321/class_experiments/class_experiments.sdk/soc_wrapper.hdf.
17:34:20 INFO  : Checking for hwspec changes in the project soc_wrapper_hw_platform_1.
