01:05:51 **** Clean-only build of configuration Debug for project csd_lab ****
make clean 
rm -rf  ./src/csd_asm.o ./src/csd_main.o ./src/platform.o  ./src/csd_asm.d  ./src/csd_main.d ./src/platform.d  csd_lab.elf.size  csd_lab.elf
' '
01:05:51 **** Clean-only build of project csd_lab_bsp ****
make -k clean 
rm -f ps7_cortexa9_0/lib/libxil.a
01:05:52 **** Build of project csd_lab_bsp ****
make -k all 
"Running Make include in ps7_cortexa9_0/libsrc/coresightps_dcc_v1_3/src"
make -C ps7_cortexa9_0/libsrc/coresightps_dcc_v1_3/src -s include  "SHELL=CMD" "COMPILER=arm-none-eabi-gcc" "ARCHIVER=arm-none-eabi-ar" "COMPILER_FLAGS=  -O2 -c" "EXTRA_COMPILER_FLAGS=-mcpu=cortex-a9 -mfpu=vfpv3 -mfloat-abi=hard -nostartfiles"
"Running Make include in ps7_cortexa9_0/libsrc/cpu_cortexa9_v2_3/src"
make -C ps7_cortexa9_0/libsrc/cpu_cortexa9_v2_3/src -s include  "SHELL=CMD" "COMPILER=arm-none-eabi-gcc" "ARCHIVER=arm-none-eabi-ar" "COMPILER_FLAGS=  -O2 -c" "EXTRA_COMPILER_FLAGS=-mcpu=cortex-a9 -mfpu=vfpv3 -mfloat-abi=hard -nostartfiles"
"Running Make include in ps7_cortexa9_0/libsrc/ddrps_v1_0/src"
make -C ps7_cortexa9_0/libsrc/ddrps_v1_0/src -s include  "SHELL=CMD" "COMPILER=arm-none-eabi-gcc" "ARCHIVER=arm-none-eabi-ar" "COMPILER_FLAGS=  -O2 -c" "EXTRA_COMPILER_FLAGS=-mcpu=cortex-a9 -mfpu=vfpv3 -mfloat-abi=hard -nostartfiles"
"Running Make include in ps7_cortexa9_0/libsrc/devcfg_v3_4/src"
make -C ps7_cortexa9_0/libsrc/devcfg_v3_4/src -s include  "SHELL=CMD" "COMPILER=arm-none-eabi-gcc" "ARCHIVER=arm-none-eabi-ar" "COMPILER_FLAGS=  -O2 -c" "EXTRA_COMPILER_FLAGS=-mcpu=cortex-a9 -mfpu=vfpv3 -mfloat-abi=hard -nostartfiles"
"Running Make include in ps7_cortexa9_0/libsrc/dmaps_v2_3/src"
make -C ps7_cortexa9_0/libsrc/dmaps_v2_3/src -s include  "SHELL=CMD" "COMPILER=arm-none-eabi-gcc" "ARCHIVER=arm-none-eabi-ar" "COMPILER_FLAGS=  -O2 -c" "EXTRA_COMPILER_FLAGS=-mcpu=cortex-a9 -mfpu=vfpv3 -mfloat-abi=hard -nostartfiles"
"Running Make include in ps7_cortexa9_0/libsrc/gpio_v4_3/src"
make -C ps7_cortexa9_0/libsrc/gpio_v4_3/src -s include  "SHELL=CMD" "COMPILER=arm-none-eabi-gcc" "ARCHIVER=arm-none-eabi-ar" "COMPILER_FLAGS=  -O2 -c" "EXTRA_COMPILER_FLAGS=-mcpu=cortex-a9 -mfpu=vfpv3 -mfloat-abi=hard -nostartfiles"
"Running Make include in ps7_cortexa9_0/libsrc/gpiops_v3_1/src"
make -C ps7_cortexa9_0/libsrc/gpiops_v3_1/src -s include  "SHELL=CMD" "COMPILER=arm-none-eabi-gcc" "ARCHIVER=arm-none-eabi-ar" "COMPILER_FLAGS=  -O2 -c" "EXTRA_COMPILER_FLAGS=-mcpu=cortex-a9 -mfpu=vfpv3 -mfloat-abi=hard -nostartfiles"
"Running Make include in ps7_cortexa9_0/libsrc/scugic_v3_5/src"
make -C ps7_cortexa9_0/libsrc/scugic_v3_5/src -s include  "SHELL=CMD" "COMPILER=arm-none-eabi-gcc" "ARCHIVER=arm-none-eabi-ar" "COMPILER_FLAGS=  -O2 -c" "EXTRA_COMPILER_FLAGS=-mcpu=cortex-a9 -mfpu=vfpv3 -mfloat-abi=hard -nostartfiles"
"Running Make include in ps7_cortexa9_0/libsrc/scutimer_v2_1/src"
make -C ps7_cortexa9_0/libsrc/scutimer_v2_1/src -s include  "SHELL=CMD" "COMPILER=arm-none-eabi-gcc" "ARCHIVER=arm-none-eabi-ar" "COMPILER_FLAGS=  -O2 -c" "EXTRA_COMPILER_FLAGS=-mcpu=cortex-a9 -mfpu=vfpv3 -mfloat-abi=hard -nostartfiles"
"Running Make include in ps7_cortexa9_0/libsrc/scuwdt_v2_1/src"
make -C ps7_cortexa9_0/libsrc/scuwdt_v2_1/src -s include  "SHELL=CMD" "COMPILER=arm-none-eabi-gcc" "ARCHIVER=arm-none-eabi-ar" "COMPILER_FLAGS=  -O2 -c" "EXTRA_COMPILER_FLAGS=-mcpu=cortex-a9 -mfpu=vfpv3 -mfloat-abi=hard -nostartfiles"
"Running Make include in ps7_cortexa9_0/libsrc/standalone_v6_1/src"
make -C ps7_cortexa9_0/libsrc/standalone_v6_1/src -s include  "SHELL=CMD" "COMPILER=arm-none-eabi-gcc" "ARCHIVER=arm-none-eabi-ar" "COMPILER_FLAGS=  -O2 -c" "EXTRA_COMPILER_FLAGS=-mcpu=cortex-a9 -mfpu=vfpv3 -mfloat-abi=hard -nostartfiles"
"Running Make include in ps7_cortexa9_0/libsrc/uartps_v3_3/src"
make -C ps7_cortexa9_0/libsrc/uartps_v3_3/src -s include  "SHELL=CMD" "COMPILER=arm-none-eabi-gcc" "ARCHIVER=arm-none-eabi-ar" "COMPILER_FLAGS=  -O2 -c" "EXTRA_COMPILER_FLAGS=-mcpu=cortex-a9 -mfpu=vfpv3 -mfloat-abi=hard -nostartfiles"
"Running Make include in ps7_cortexa9_0/libsrc/xadcps_v2_2/src"
make -C ps7_cortexa9_0/libsrc/xadcps_v2_2/src -s include  "SHELL=CMD" "COMPILER=arm-none-eabi-gcc" "ARCHIVER=arm-none-eabi-ar" "COMPILER_FLAGS=  -O2 -c" "EXTRA_COMPILER_FLAGS=-mcpu=cortex-a9 -mfpu=vfpv3 -mfloat-abi=hard -nostartfiles"
"Running Make libs in ps7_cortexa9_0/libsrc/coresightps_dcc_v1_3/src"
make -C ps7_cortexa9_0/libsrc/coresightps_dcc_v1_3/src -s libs  "SHELL=CMD" "COMPILER=arm-none-eabi-gcc" "ARCHIVER=arm-none-eabi-ar" "COMPILER_FLAGS=  -O2 -c" "EXTRA_COMPILER_FLAGS=-mcpu=cortex-a9 -mfpu=vfpv3 -mfloat-abi=hard -nostartfiles"
"Compiling coresightps_dcc"
arm-none-eabi-ar: creating ../../../lib/libxil.a
"Running Make libs in ps7_cortexa9_0/libsrc/cpu_cortexa9_v2_3/src"
make -C ps7_cortexa9_0/libsrc/cpu_cortexa9_v2_3/src -s libs  "SHELL=CMD" "COMPILER=arm-none-eabi-gcc" "ARCHIVER=arm-none-eabi-ar" "COMPILER_FLAGS=  -O2 -c" "EXTRA_COMPILER_FLAGS=-mcpu=cortex-a9 -mfpu=vfpv3 -mfloat-abi=hard -nostartfiles"
"Compiling cpu_cortexa9"
"Running Make libs in ps7_cortexa9_0/libsrc/ddrps_v1_0/src"
make -C ps7_cortexa9_0/libsrc/ddrps_v1_0/src -s libs  "SHELL=CMD" "COMPILER=arm-none-eabi-gcc" "ARCHIVER=arm-none-eabi-ar" "COMPILER_FLAGS=  -O2 -c" "EXTRA_COMPILER_FLAGS=-mcpu=cortex-a9 -mfpu=vfpv3 -mfloat-abi=hard -nostartfiles"
"Compiling ddrps"
"Running Make libs in ps7_cortexa9_0/libsrc/devcfg_v3_4/src"
make -C ps7_cortexa9_0/libsrc/devcfg_v3_4/src -s libs  "SHELL=CMD" "COMPILER=arm-none-eabi-gcc" "ARCHIVER=arm-none-eabi-ar" "COMPILER_FLAGS=  -O2 -c" "EXTRA_COMPILER_FLAGS=-mcpu=cortex-a9 -mfpu=vfpv3 -mfloat-abi=hard -nostartfiles"
"Compiling devcfg"
"Running Make libs in ps7_cortexa9_0/libsrc/dmaps_v2_3/src"
make -C ps7_cortexa9_0/libsrc/dmaps_v2_3/src -s libs  "SHELL=CMD" "COMPILER=arm-none-eabi-gcc" "ARCHIVER=arm-none-eabi-ar" "COMPILER_FLAGS=  -O2 -c" "EXTRA_COMPILER_FLAGS=-mcpu=cortex-a9 -mfpu=vfpv3 -mfloat-abi=hard -nostartfiles"
"Compiling dmaps"
"Running Make libs in ps7_cortexa9_0/libsrc/gpio_v4_3/src"
make -C ps7_cortexa9_0/libsrc/gpio_v4_3/src -s libs  "SHELL=CMD" "COMPILER=arm-none-eabi-gcc" "ARCHIVER=arm-none-eabi-ar" "COMPILER_FLAGS=  -O2 -c" "EXTRA_COMPILER_FLAGS=-mcpu=cortex-a9 -mfpu=vfpv3 -mfloat-abi=hard -nostartfiles"
"Compiling gpio"
"Running Make libs in ps7_cortexa9_0/libsrc/gpiops_v3_1/src"
make -C ps7_cortexa9_0/libsrc/gpiops_v3_1/src -s libs  "SHELL=CMD" "COMPILER=arm-none-eabi-gcc" "ARCHIVER=arm-none-eabi-ar" "COMPILER_FLAGS=  -O2 -c" "EXTRA_COMPILER_FLAGS=-mcpu=cortex-a9 -mfpu=vfpv3 -mfloat-abi=hard -nostartfiles"
"Compiling gpiops"
"Running Make libs in ps7_cortexa9_0/libsrc/scugic_v3_5/src"
make -C ps7_cortexa9_0/libsrc/scugic_v3_5/src -s libs  "SHELL=CMD" "COMPILER=arm-none-eabi-gcc" "ARCHIVER=arm-none-eabi-ar" "COMPILER_FLAGS=  -O2 -c" "EXTRA_COMPILER_FLAGS=-mcpu=cortex-a9 -mfpu=vfpv3 -mfloat-abi=hard -nostartfiles"
"Compiling scugic"
"Running Make libs in ps7_cortexa9_0/libsrc/scutimer_v2_1/src"
make -C ps7_cortexa9_0/libsrc/scutimer_v2_1/src -s libs  "SHELL=CMD" "COMPILER=arm-none-eabi-gcc" "ARCHIVER=arm-none-eabi-ar" "COMPILER_FLAGS=  -O2 -c" "EXTRA_COMPILER_FLAGS=-mcpu=cortex-a9 -mfpu=vfpv3 -mfloat-abi=hard -nostartfiles"
"Compiling scutimer"
"Running Make libs in ps7_cortexa9_0/libsrc/scuwdt_v2_1/src"
make -C ps7_cortexa9_0/libsrc/scuwdt_v2_1/src -s libs  "SHELL=CMD" "COMPILER=arm-none-eabi-gcc" "ARCHIVER=arm-none-eabi-ar" "COMPILER_FLAGS=  -O2 -c" "EXTRA_COMPILER_FLAGS=-mcpu=cortex-a9 -mfpu=vfpv3 -mfloat-abi=hard -nostartfiles"
"Compiling scuwdt"
"Running Make libs in ps7_cortexa9_0/libsrc/standalone_v6_1/src"
make -C ps7_cortexa9_0/libsrc/standalone_v6_1/src -s libs  "SHELL=CMD" "COMPILER=arm-none-eabi-gcc" "ARCHIVER=arm-none-eabi-ar" "COMPILER_FLAGS=  -O2 -c" "EXTRA_COMPILER_FLAGS=-mcpu=cortex-a9 -mfpu=vfpv3 -mfloat-abi=hard -nostartfiles"
"Compiling standalone"
"Running Make libs in ps7_cortexa9_0/libsrc/uartps_v3_3/src"
make -C ps7_cortexa9_0/libsrc/uartps_v3_3/src -s libs  "SHELL=CMD" "COMPILER=arm-none-eabi-gcc" "ARCHIVER=arm-none-eabi-ar" "COMPILER_FLAGS=  -O2 -c" "EXTRA_COMPILER_FLAGS=-mcpu=cortex-a9 -mfpu=vfpv3 -mfloat-abi=hard -nostartfiles"
"Compiling uartps"
"Running Make libs in ps7_cortexa9_0/libsrc/xadcps_v2_2/src"
make -C ps7_cortexa9_0/libsrc/xadcps_v2_2/src -s libs  "SHELL=CMD" "COMPILER=arm-none-eabi-gcc" "ARCHIVER=arm-none-eabi-ar" "COMPILER_FLAGS=  -O2 -c" "EXTRA_COMPILER_FLAGS=-mcpu=cortex-a9 -mfpu=vfpv3 -mfloat-abi=hard -nostartfiles"
"Compiling xadcps"
'Finished building libraries'
01:06:15 **** Build of configuration Debug for project csd_lab ****
make pre-build main-build 
a9-linaro-pre-build-step
' '
'Building file: ../src/csd_asm.S'
'Invoking: ARM v7 gcc compiler'
arm-none-eabi-gcc -Wall -O0 -g3 -c -fmessage-length=0 -MT"src/csd_asm.o" -mcpu=cortex-a9 -mfpu=vfpv3 -mfloat-abi=hard -I../../csd_lab_bsp/ps7_cortexa9_0/include -MMD -MP -MF"src/csd_asm.d" -MT"src/csd_asm.o" -o "src/csd_asm.o" "../src/csd_asm.S"
'Finished building: ../src/csd_asm.S'
' '
'Building file: ../src/csd_main.c'
'Invoking: ARM v7 gcc compiler'
arm-none-eabi-gcc -Wall -O0 -g3 -c -fmessage-length=0 -MT"src/csd_main.o" -mcpu=cortex-a9 -mfpu=vfpv3 -mfloat-abi=hard -I../../csd_lab_bsp/ps7_cortexa9_0/include -MMD -MP -MF"src/csd_main.d" -MT"src/csd_main.o" -o "src/csd_main.o" "../src/csd_main.c"
../src/csd_main.c: In function 'thumb_C_test':
../src/csd_main.c:11:6: warning: variable 'outdata' set but not used [-Wunused-but-set-variable]
  int outdata[32];
      ^
../src/csd_main.c: In function 'arm_C_test':
../src/csd_main.c:44:6: warning: variable 'outdata' set but not used [-Wunused-but-set-variable]
  int outdata[32];
      ^
'Finished building: ../src/csd_main.c'
' '
'Building file: ../src/platform.c'
'Invoking: ARM v7 gcc compiler'
arm-none-eabi-gcc -Wall -O0 -g3 -c -fmessage-length=0 -MT"src/platform.o" -mcpu=cortex-a9 -mfpu=vfpv3 -mfloat-abi=hard -I../../csd_lab_bsp/ps7_cortexa9_0/include -MMD -MP -MF"src/platform.d" -MT"src/platform.o" -o "src/platform.o" "../src/platform.c"
'Finished building: ../src/platform.c'
' '
'Building target: csd_lab.elf'
'Invoking: ARM v7 gcc linker'
arm-none-eabi-gcc -mcpu=cortex-a9 -mfpu=vfpv3 -mfloat-abi=hard -Wl,-build-id=none -specs=Xilinx.spec -Wl,-T -Wl,../src/lscript.ld -L../../csd_lab_bsp/ps7_cortexa9_0/lib -o "csd_lab.elf"  ./src/csd_asm.o ./src/csd_main.o ./src/platform.o   -Wl,--start-group,-lxil,-lgcc,-lc,--end-group
'Finished building target: csd_lab.elf'
' '
'Invoking: ARM v7 Print Size'
arm-none-eabi-size csd_lab.elf  |tee "csd_lab.elf.size"
   text	   data	    bss	    dec	    hex	filename
  23424	   1156	  22568	  47148	   b82c	csd_lab.elf
'Finished building: csd_lab.elf.size'
' '
01:06:33 **** Incremental Build of configuration Debug for project csd_lab ****
make pre-build main-build 
a9-linaro-pre-build-step
' '
make: `main-build'를 위해 할 일이 없습니다
01:25:24 **** Auto Build of configuration Debug for project csd_lab ****
make pre-build main-build 
a9-linaro-pre-build-step
' '
'Building file: ../src/csd_main.c'
'Invoking: ARM v7 gcc compiler'
arm-none-eabi-gcc -Wall -O0 -g3 -c -fmessage-length=0 -MT"src/csd_main.o" -mcpu=cortex-a9 -mfpu=vfpv3 -mfloat-abi=hard -I../../csd_lab_bsp/ps7_cortexa9_0/include -MMD -MP -MF"src/csd_main.d" -MT"src/csd_main.o" -o "src/csd_main.o" "../src/csd_main.c"
../src/csd_main.c: In function 'thumb_C_test':
../src/csd_main.c:11:6: warning: variable 'outdata' set but not used [-Wunused-but-set-variable]
  int outdata[32];
      ^
../src/csd_main.c: In function 'arm_C_test':
../src/csd_main.c:45:6: warning: variable 'outdata' set but not used [-Wunused-but-set-variable]
  int outdata[32];
      ^
'Finished building: ../src/csd_main.c'
' '
'Building target: csd_lab.elf'
'Invoking: ARM v7 gcc linker'
arm-none-eabi-gcc -mcpu=cortex-a9 -mfpu=vfpv3 -mfloat-abi=hard -Wl,-build-id=none -specs=Xilinx.spec -Wl,-T -Wl,../src/lscript.ld -L../../csd_lab_bsp/ps7_cortexa9_0/lib -o "csd_lab.elf"  ./src/csd_asm.o ./src/csd_main.o ./src/platform.o   -Wl,--start-group,-lxil,-lgcc,-lc,--end-group
'Finished building target: csd_lab.elf'
' '
'Invoking: ARM v7 Print Size'
arm-none-eabi-size csd_lab.elf  |tee "csd_lab.elf.size"
   text	   data	    bss	    dec	    hex	filename
  23424	   1156	  22568	  47148	   b82c	csd_lab.elf
'Finished building: csd_lab.elf.size'
' '
01:25:29 **** Auto Build of configuration Debug for project csd_lab ****
make pre-build main-build 
a9-linaro-pre-build-step
' '
'Building file: ../src/csd_main.c'
'Invoking: ARM v7 gcc compiler'
arm-none-eabi-gcc -Wall -O0 -g3 -c -fmessage-length=0 -MT"src/csd_main.o" -mcpu=cortex-a9 -mfpu=vfpv3 -mfloat-abi=hard -I../../csd_lab_bsp/ps7_cortexa9_0/include -MMD -MP -MF"src/csd_main.d" -MT"src/csd_main.o" -o "src/csd_main.o" "../src/csd_main.c"
../src/csd_main.c: In function 'thumb_C_test':
../src/csd_main.c:11:6: warning: variable 'outdata' set but not used [-Wunused-but-set-variable]
  int outdata[32];
      ^
../src/csd_main.c: In function 'arm_C_test':
../src/csd_main.c:46:6: warning: variable 'outdata' set but not used [-Wunused-but-set-variable]
  int outdata[32];
      ^
'Finished building: ../src/csd_main.c'
' '
'Building target: csd_lab.elf'
'Invoking: ARM v7 gcc linker'
arm-none-eabi-gcc -mcpu=cortex-a9 -mfpu=vfpv3 -mfloat-abi=hard -Wl,-build-id=none -specs=Xilinx.spec -Wl,-T -Wl,../src/lscript.ld -L../../csd_lab_bsp/ps7_cortexa9_0/lib -o "csd_lab.elf"  ./src/csd_asm.o ./src/csd_main.o ./src/platform.o   -Wl,--start-group,-lxil,-lgcc,-lc,--end-group
'Finished building target: csd_lab.elf'
' '
'Invoking: ARM v7 Print Size'
arm-none-eabi-size csd_lab.elf  |tee "csd_lab.elf.size"
   text	   data	    bss	    dec	    hex	filename
  23424	   1156	  22568	  47148	   b82c	csd_lab.elf
'Finished building: csd_lab.elf.size'
' '
01:26:16 **** Auto Build of configuration Debug for project csd_lab ****
make pre-build main-build 
a9-linaro-pre-build-step
' '
'Building file: ../src/csd_asm.S'
'Invoking: ARM v7 gcc compiler'
arm-none-eabi-gcc -Wall -O0 -g3 -c -fmessage-length=0 -MT"src/csd_asm.o" -mcpu=cortex-a9 -mfpu=vfpv3 -mfloat-abi=hard -I../../csd_lab_bsp/ps7_cortexa9_0/include -MMD -MP -MF"src/csd_asm.d" -MT"src/csd_asm.o" -o "src/csd_asm.o" "../src/csd_asm.S"
'Finished building: ../src/csd_asm.S'
' '
'Building target: csd_lab.elf'
'Invoking: ARM v7 gcc linker'
arm-none-eabi-gcc -mcpu=cortex-a9 -mfpu=vfpv3 -mfloat-abi=hard -Wl,-build-id=none -specs=Xilinx.spec -Wl,-T -Wl,../src/lscript.ld -L../../csd_lab_bsp/ps7_cortexa9_0/lib -o "csd_lab.elf"  ./src/csd_asm.o ./src/csd_main.o ./src/platform.o   -Wl,--start-group,-lxil,-lgcc,-lc,--end-group
'Finished building target: csd_lab.elf'
' '
'Invoking: ARM v7 Print Size'
arm-none-eabi-size csd_lab.elf  |tee "csd_lab.elf.size"
   text	   data	    bss	    dec	    hex	filename
  23424	   1156	  22568	  47148	   b82c	csd_lab.elf
'Finished building: csd_lab.elf.size'
' '
01:26:48 **** Auto Build of configuration Debug for project csd_lab ****
make pre-build main-build 
a9-linaro-pre-build-step
' '
'Building file: ../src/csd_main.c'
'Invoking: ARM v7 gcc compiler'
arm-none-eabi-gcc -Wall -O0 -g3 -c -fmessage-length=0 -MT"src/csd_main.o" -mcpu=cortex-a9 -mfpu=vfpv3 -mfloat-abi=hard -I../../csd_lab_bsp/ps7_cortexa9_0/include -MMD -MP -MF"src/csd_main.d" -MT"src/csd_main.o" -o "src/csd_main.o" "../src/csd_main.c"
../src/csd_main.c: In function 'thumb_C_test':
../src/csd_main.c:11:6: warning: variable 'outdata' set but not used [-Wunused-but-set-variable]
  int outdata[32]; // init outdata variable
      ^
../src/csd_main.c: In function 'arm_C_test':
../src/csd_main.c:46:6: warning: variable 'outdata' set but not used [-Wunused-but-set-variable]
  int outdata[32]; // init outdata variable
      ^
'Finished building: ../src/csd_main.c'
' '
'Building target: csd_lab.elf'
'Invoking: ARM v7 gcc linker'
arm-none-eabi-gcc -mcpu=cortex-a9 -mfpu=vfpv3 -mfloat-abi=hard -Wl,-build-id=none -specs=Xilinx.spec -Wl,-T -Wl,../src/lscript.ld -L../../csd_lab_bsp/ps7_cortexa9_0/lib -o "csd_lab.elf"  ./src/csd_asm.o ./src/csd_main.o ./src/platform.o   -Wl,--start-group,-lxil,-lgcc,-lc,--end-group
'Finished building target: csd_lab.elf'
' '
'Invoking: ARM v7 Print Size'
arm-none-eabi-size csd_lab.elf  |tee "csd_lab.elf.size"
   text	   data	    bss	    dec	    hex	filename
  23424	   1156	  22568	  47148	   b82c	csd_lab.elf
'Finished building: csd_lab.elf.size'
' '
01:27:10 **** Auto Build of configuration Debug for project csd_lab ****
make pre-build main-build 
a9-linaro-pre-build-step
' '
'Building file: ../src/csd_main.c'
'Invoking: ARM v7 gcc compiler'
arm-none-eabi-gcc -Wall -O0 -g3 -c -fmessage-length=0 -MT"src/csd_main.o" -mcpu=cortex-a9 -mfpu=vfpv3 -mfloat-abi=hard -I../../csd_lab_bsp/ps7_cortexa9_0/include -MMD -MP -MF"src/csd_main.d" -MT"src/csd_main.o" -o "src/csd_main.o" "../src/csd_main.c"
../src/csd_main.c: In function 'thumb_C_test':
../src/csd_main.c:12:6: warning: variable 'outdata' set but not used [-Wunused-but-set-variable]
  int outdata[32]; // init outdata variable
      ^
../src/csd_main.c: In function 'arm_C_test':
../src/csd_main.c:48:6: warning: variable 'outdata' set but not used [-Wunused-but-set-variable]
  int outdata[32]; // init outdata variable
      ^
'Finished building: ../src/csd_main.c'
' '
'Building target: csd_lab.elf'
'Invoking: ARM v7 gcc linker'
arm-none-eabi-gcc -mcpu=cortex-a9 -mfpu=vfpv3 -mfloat-abi=hard -Wl,-build-id=none -specs=Xilinx.spec -Wl,-T -Wl,../src/lscript.ld -L../../csd_lab_bsp/ps7_cortexa9_0/lib -o "csd_lab.elf"  ./src/csd_asm.o ./src/csd_main.o ./src/platform.o   -Wl,--start-group,-lxil,-lgcc,-lc,--end-group
'Finished building target: csd_lab.elf'
' '
'Invoking: ARM v7 Print Size'
arm-none-eabi-size csd_lab.elf  |tee "csd_lab.elf.size"
   text	   data	    bss	    dec	    hex	filename
  23424	   1156	  22568	  47148	   b82c	csd_lab.elf
'Finished building: csd_lab.elf.size'
' '
01:27:16 **** Auto Build of configuration Debug for project csd_lab ****
make pre-build main-build 
a9-linaro-pre-build-step
' '
'Building file: ../src/csd_main.c'
'Invoking: ARM v7 gcc compiler'
arm-none-eabi-gcc -Wall -O0 -g3 -c -fmessage-length=0 -MT"src/csd_main.o" -mcpu=cortex-a9 -mfpu=vfpv3 -mfloat-abi=hard -I../../csd_lab_bsp/ps7_cortexa9_0/include -MMD -MP -MF"src/csd_main.d" -MT"src/csd_main.o" -o "src/csd_main.o" "../src/csd_main.c"
../src/csd_main.c: In function 'thumb_C_test':
../src/csd_main.c:12:6: warning: variable 'outdata' set but not used [-Wunused-but-set-variable]
  int outdata[32]; // init outdata variable
      ^
../src/csd_main.c: In function 'arm_C_test':
../src/csd_main.c:48:6: warning: variable 'outdata' set but not used [-Wunused-but-set-variable]
  int outdata[32]; // init outdata variable
      ^
'Finished building: ../src/csd_main.c'
' '
'Building target: csd_lab.elf'
'Invoking: ARM v7 gcc linker'
arm-none-eabi-gcc -mcpu=cortex-a9 -mfpu=vfpv3 -mfloat-abi=hard -Wl,-build-id=none -specs=Xilinx.spec -Wl,-T -Wl,../src/lscript.ld -L../../csd_lab_bsp/ps7_cortexa9_0/lib -o "csd_lab.elf"  ./src/csd_asm.o ./src/csd_main.o ./src/platform.o   -Wl,--start-group,-lxil,-lgcc,-lc,--end-group
'Finished building target: csd_lab.elf'
' '
'Invoking: ARM v7 Print Size'
arm-none-eabi-size csd_lab.elf  |tee "csd_lab.elf.size"
   text	   data	    bss	    dec	    hex	filename
  23424	   1156	  22568	  47148	   b82c	csd_lab.elf
'Finished building: csd_lab.elf.size'
' '
01:27:47 **** Auto Build of configuration Debug for project csd_lab ****
make pre-build main-build 
a9-linaro-pre-build-step
' '
'Building file: ../src/csd_main.c'
'Invoking: ARM v7 gcc compiler'
arm-none-eabi-gcc -Wall -O0 -g3 -c -fmessage-length=0 -MT"src/csd_main.o" -mcpu=cortex-a9 -mfpu=vfpv3 -mfloat-abi=hard -I../../csd_lab_bsp/ps7_cortexa9_0/include -MMD -MP -MF"src/csd_main.d" -MT"src/csd_main.o" -o "src/csd_main.o" "../src/csd_main.c"
../src/csd_main.c: In function 'thumb_C_test':
../src/csd_main.c:12:6: warning: variable 'outdata' set but not used [-Wunused-but-set-variable]
  int outdata[32]; // init outdata variable
      ^
../src/csd_main.c: In function 'arm_C_test':
../src/csd_main.c:49:6: warning: variable 'outdata' set but not used [-Wunused-but-set-variable]
  int outdata[32]; // init outdata variable
      ^
'Finished building: ../src/csd_main.c'
' '
'Building target: csd_lab.elf'
'Invoking: ARM v7 gcc linker'
arm-none-eabi-gcc -mcpu=cortex-a9 -mfpu=vfpv3 -mfloat-abi=hard -Wl,-build-id=none -specs=Xilinx.spec -Wl,-T -Wl,../src/lscript.ld -L../../csd_lab_bsp/ps7_cortexa9_0/lib -o "csd_lab.elf"  ./src/csd_asm.o ./src/csd_main.o ./src/platform.o   -Wl,--start-group,-lxil,-lgcc,-lc,--end-group
'Finished building target: csd_lab.elf'
' '
'Invoking: ARM v7 Print Size'
arm-none-eabi-size csd_lab.elf  |tee "csd_lab.elf.size"
   text	   data	    bss	    dec	    hex	filename
  23424	   1156	  22568	  47148	   b82c	csd_lab.elf
'Finished building: csd_lab.elf.size'
' '
01:33:27 **** Incremental Build of configuration Debug for project csd_lab ****
make pre-build main-build 
a9-linaro-pre-build-step
' '
make: `main-build'를 위해 할 일이 없습니다
01:52:04 **** Incremental Build of configuration Debug for project csd_lab ****
make pre-build main-build 
a9-linaro-pre-build-step
' '
make: `main-build'를 위해 할 일이 없습니다
01:52:37 **** Incremental Build of configuration Debug for project csd_lab ****
make pre-build main-build 
a9-linaro-pre-build-step
' '
make: `main-build'를 위해 할 일이 없습니다
01:56:03 **** Incremental Build of configuration Debug for project csd_lab ****
make pre-build main-build 
a9-linaro-pre-build-step
' '
make: `main-build'를 위해 할 일이 없습니다
